2024-10-25 16:29:24.948 [main] ERROR o.s.boot.SpringApplication - Application run failed
java.lang.IllegalStateException: java.lang.IllegalStateException: Logback configuration error detected: 
ERROR in ch.qos.logback.core.joran.spi.Interpreter@43:25 - RuntimeException in Action for tag [rollingPolicy] java.lang.IllegalStateException: Unknown periodicity type.
ERROR in ch.qos.logback.core.joran.spi.Interpreter@44:18 - no applicable action for [encoder], current ElementPath  is [[configuration][appender][encoder]]
ERROR in ch.qos.logback.core.joran.spi.Interpreter@45:22 - no applicable action for [pattern], current ElementPath  is [[configuration][appender][encoder][pattern]]
	at org.springframework.boot.context.logging.LoggingApplicationListener.initializeSystem(LoggingApplicationListener.java:344)
	at org.springframework.boot.context.logging.LoggingApplicationListener.initialize(LoggingApplicationListener.java:298)
	at org.springframework.boot.context.logging.LoggingApplicationListener.onApplicationEnvironmentPreparedEvent(LoggingApplicationListener.java:246)
	at org.springframework.boot.context.logging.LoggingApplicationListener.onApplicationEvent(LoggingApplicationListener.java:223)
	at org.springframework.context.event.SimpleApplicationEventMulticaster.doInvokeListener(SimpleApplicationEventMulticaster.java:178)
	at org.springframework.context.event.SimpleApplicationEventMulticaster.invokeListener(SimpleApplicationEventMulticaster.java:171)
	at org.springframework.context.event.SimpleApplicationEventMulticaster.multicastEvent(SimpleApplicationEventMulticaster.java:145)
	at org.springframework.context.event.SimpleApplicationEventMulticaster.multicastEvent(SimpleApplicationEventMulticaster.java:133)
	at org.springframework.boot.context.event.EventPublishingRunListener.environmentPrepared(EventPublishingRunListener.java:85)
	at org.springframework.boot.SpringApplicationRunListeners.lambda$environmentPrepared$2(SpringApplicationRunListeners.java:66)
	at java.util.ArrayList.forEach(ArrayList.java:1259)
	at org.springframework.boot.SpringApplicationRunListeners.doWithListeners(SpringApplicationRunListeners.java:120)
	at org.springframework.boot.SpringApplicationRunListeners.doWithListeners(SpringApplicationRunListeners.java:114)
	at org.springframework.boot.SpringApplicationRunListeners.environmentPrepared(SpringApplicationRunListeners.java:65)
	at org.springframework.boot.SpringApplication.prepareEnvironment(SpringApplication.java:344)
	at org.springframework.boot.SpringApplication.run(SpringApplication.java:302)
	at org.springframework.boot.SpringApplication.run(SpringApplication.java:1300)
	at org.springframework.boot.SpringApplication.run(SpringApplication.java:1289)
	at com.example.demo.DemoApplication.main(DemoApplication.java:10)
Caused by: java.lang.IllegalStateException: Logback configuration error detected: 
ERROR in ch.qos.logback.core.joran.spi.Interpreter@43:25 - RuntimeException in Action for tag [rollingPolicy] java.lang.IllegalStateException: Unknown periodicity type.
ERROR in ch.qos.logback.core.joran.spi.Interpreter@44:18 - no applicable action for [encoder], current ElementPath  is [[configuration][appender][encoder]]
ERROR in ch.qos.logback.core.joran.spi.Interpreter@45:22 - no applicable action for [pattern], current ElementPath  is [[configuration][appender][encoder][pattern]]
	at org.springframework.boot.logging.logback.LogbackLoggingSystem.reportConfigurationErrorsIfNecessary(LogbackLoggingSystem.java:189)
	at org.springframework.boot.logging.logback.LogbackLoggingSystem.loadConfiguration(LogbackLoggingSystem.java:170)
	at org.springframework.boot.logging.AbstractLoggingSystem.initializeWithConventions(AbstractLoggingSystem.java:80)
	at org.springframework.boot.logging.AbstractLoggingSystem.initialize(AbstractLoggingSystem.java:60)
	at org.springframework.boot.logging.logback.LogbackLoggingSystem.initialize(LogbackLoggingSystem.java:132)
	at org.springframework.boot.context.logging.LoggingApplicationListener.initializeSystem(LoggingApplicationListener.java:329)
	... 18 common frames omitted
	Suppressed: java.lang.IllegalStateException: Unknown periodicity type.
		at ch.qos.logback.core.rolling.helper.RollingCalendar.innerGetEndOfNextNthPeriod(RollingCalendar.java:279)
		at ch.qos.logback.core.rolling.helper.RollingCalendar.getEndOfNextNthPeriod(RollingCalendar.java:286)
		at ch.qos.logback.core.rolling.helper.RollingCalendar.getNextTriggeringDate(RollingCalendar.java:290)
		at ch.qos.logback.core.rolling.TimeBasedFileNamingAndTriggeringPolicyBase.computeNextCheck(TimeBasedFileNamingAndTriggeringPolicyBase.java:86)
		at ch.qos.logback.core.rolling.TimeBasedFileNamingAndTriggeringPolicyBase.start(TimeBasedFileNamingAndTriggeringPolicyBase.java:78)
		at ch.qos.logback.core.rolling.DefaultTimeBasedFileNamingAndTriggeringPolicy.start(DefaultTimeBasedFileNamingAndTriggeringPolicy.java:33)
		at ch.qos.logback.core.rolling.TimeBasedRollingPolicy.start(TimeBasedRollingPolicy.java:95)
		at ch.qos.logback.core.joran.action.NestedComplexPropertyIA.end(NestedComplexPropertyIA.java:161)
		at ch.qos.logback.core.joran.spi.Interpreter.callEndAction(Interpreter.java:309)
		at ch.qos.logback.core.joran.spi.Interpreter.endElement(Interpreter.java:193)
		at ch.qos.logback.core.joran.spi.Interpreter.endElement(Interpreter.java:179)
		at ch.qos.logback.core.joran.spi.EventPlayer.play(EventPlayer.java:62)
		at ch.qos.logback.core.joran.GenericConfigurator.doConfigure(GenericConfigurator.java:165)
		at ch.qos.logback.core.joran.GenericConfigurator.doConfigure(GenericConfigurator.java:152)
		at ch.qos.logback.core.joran.GenericConfigurator.doConfigure(GenericConfigurator.java:110)
		at ch.qos.logback.core.joran.GenericConfigurator.doConfigure(GenericConfigurator.java:53)
		at org.springframework.boot.logging.logback.LogbackLoggingSystem.configureByResourceUrl(LogbackLoggingSystem.java:199)
		at org.springframework.boot.logging.logback.LogbackLoggingSystem.loadConfiguration(LogbackLoggingSystem.java:165)
		... 22 common frames omitted
2024-10-25 16:29:47.608 [main] ERROR o.s.boot.SpringApplication - Application run failed
java.lang.IllegalStateException: java.lang.IllegalStateException: Logback configuration error detected: 
ERROR in ch.qos.logback.core.joran.spi.Interpreter@43:25 - RuntimeException in Action for tag [rollingPolicy] java.lang.IllegalStateException: Unknown periodicity type.
ERROR in ch.qos.logback.core.joran.spi.Interpreter@44:18 - no applicable action for [encoder], current ElementPath  is [[configuration][appender][encoder]]
ERROR in ch.qos.logback.core.joran.spi.Interpreter@45:22 - no applicable action for [pattern], current ElementPath  is [[configuration][appender][encoder][pattern]]
	at org.springframework.boot.context.logging.LoggingApplicationListener.initializeSystem(LoggingApplicationListener.java:344)
	at org.springframework.boot.context.logging.LoggingApplicationListener.initialize(LoggingApplicationListener.java:298)
	at org.springframework.boot.context.logging.LoggingApplicationListener.onApplicationEnvironmentPreparedEvent(LoggingApplicationListener.java:246)
	at org.springframework.boot.context.logging.LoggingApplicationListener.onApplicationEvent(LoggingApplicationListener.java:223)
	at org.springframework.context.event.SimpleApplicationEventMulticaster.doInvokeListener(SimpleApplicationEventMulticaster.java:178)
	at org.springframework.context.event.SimpleApplicationEventMulticaster.invokeListener(SimpleApplicationEventMulticaster.java:171)
	at org.springframework.context.event.SimpleApplicationEventMulticaster.multicastEvent(SimpleApplicationEventMulticaster.java:145)
	at org.springframework.context.event.SimpleApplicationEventMulticaster.multicastEvent(SimpleApplicationEventMulticaster.java:133)
	at org.springframework.boot.context.event.EventPublishingRunListener.environmentPrepared(EventPublishingRunListener.java:85)
	at org.springframework.boot.SpringApplicationRunListeners.lambda$environmentPrepared$2(SpringApplicationRunListeners.java:66)
	at java.util.ArrayList.forEach(ArrayList.java:1259)
	at org.springframework.boot.SpringApplicationRunListeners.doWithListeners(SpringApplicationRunListeners.java:120)
	at org.springframework.boot.SpringApplicationRunListeners.doWithListeners(SpringApplicationRunListeners.java:114)
	at org.springframework.boot.SpringApplicationRunListeners.environmentPrepared(SpringApplicationRunListeners.java:65)
	at org.springframework.boot.SpringApplication.prepareEnvironment(SpringApplication.java:344)
	at org.springframework.boot.SpringApplication.run(SpringApplication.java:302)
	at org.springframework.boot.SpringApplication.run(SpringApplication.java:1300)
	at org.springframework.boot.SpringApplication.run(SpringApplication.java:1289)
	at com.example.demo.DemoApplication.main(DemoApplication.java:10)
Caused by: java.lang.IllegalStateException: Logback configuration error detected: 
ERROR in ch.qos.logback.core.joran.spi.Interpreter@43:25 - RuntimeException in Action for tag [rollingPolicy] java.lang.IllegalStateException: Unknown periodicity type.
ERROR in ch.qos.logback.core.joran.spi.Interpreter@44:18 - no applicable action for [encoder], current ElementPath  is [[configuration][appender][encoder]]
ERROR in ch.qos.logback.core.joran.spi.Interpreter@45:22 - no applicable action for [pattern], current ElementPath  is [[configuration][appender][encoder][pattern]]
	at org.springframework.boot.logging.logback.LogbackLoggingSystem.reportConfigurationErrorsIfNecessary(LogbackLoggingSystem.java:189)
	at org.springframework.boot.logging.logback.LogbackLoggingSystem.loadConfiguration(LogbackLoggingSystem.java:170)
	at org.springframework.boot.logging.AbstractLoggingSystem.initializeWithConventions(AbstractLoggingSystem.java:80)
	at org.springframework.boot.logging.AbstractLoggingSystem.initialize(AbstractLoggingSystem.java:60)
	at org.springframework.boot.logging.logback.LogbackLoggingSystem.initialize(LogbackLoggingSystem.java:132)
	at org.springframework.boot.context.logging.LoggingApplicationListener.initializeSystem(LoggingApplicationListener.java:329)
	... 18 common frames omitted
	Suppressed: java.lang.IllegalStateException: Unknown periodicity type.
		at ch.qos.logback.core.rolling.helper.RollingCalendar.innerGetEndOfNextNthPeriod(RollingCalendar.java:279)
		at ch.qos.logback.core.rolling.helper.RollingCalendar.getEndOfNextNthPeriod(RollingCalendar.java:286)
		at ch.qos.logback.core.rolling.helper.RollingCalendar.getNextTriggeringDate(RollingCalendar.java:290)
		at ch.qos.logback.core.rolling.TimeBasedFileNamingAndTriggeringPolicyBase.computeNextCheck(TimeBasedFileNamingAndTriggeringPolicyBase.java:86)
		at ch.qos.logback.core.rolling.TimeBasedFileNamingAndTriggeringPolicyBase.start(TimeBasedFileNamingAndTriggeringPolicyBase.java:78)
		at ch.qos.logback.core.rolling.DefaultTimeBasedFileNamingAndTriggeringPolicy.start(DefaultTimeBasedFileNamingAndTriggeringPolicy.java:33)
		at ch.qos.logback.core.rolling.TimeBasedRollingPolicy.start(TimeBasedRollingPolicy.java:95)
		at ch.qos.logback.core.joran.action.NestedComplexPropertyIA.end(NestedComplexPropertyIA.java:161)
		at ch.qos.logback.core.joran.spi.Interpreter.callEndAction(Interpreter.java:309)
		at ch.qos.logback.core.joran.spi.Interpreter.endElement(Interpreter.java:193)
		at ch.qos.logback.core.joran.spi.Interpreter.endElement(Interpreter.java:179)
		at ch.qos.logback.core.joran.spi.EventPlayer.play(EventPlayer.java:62)
		at ch.qos.logback.core.joran.GenericConfigurator.doConfigure(GenericConfigurator.java:165)
		at ch.qos.logback.core.joran.GenericConfigurator.doConfigure(GenericConfigurator.java:152)
		at ch.qos.logback.core.joran.GenericConfigurator.doConfigure(GenericConfigurator.java:110)
		at ch.qos.logback.core.joran.GenericConfigurator.doConfigure(GenericConfigurator.java:53)
		at org.springframework.boot.logging.logback.LogbackLoggingSystem.configureByResourceUrl(LogbackLoggingSystem.java:199)
		at org.springframework.boot.logging.logback.LogbackLoggingSystem.loadConfiguration(LogbackLoggingSystem.java:165)
		... 22 common frames omitted
2024-10-25 16:32:13.889 [main] ERROR o.s.boot.SpringApplication - Application run failed
java.lang.IllegalStateException: java.lang.IllegalStateException: Logback configuration error detected: 
ERROR in ch.qos.logback.core.joran.spi.Interpreter@43:25 - RuntimeException in Action for tag [rollingPolicy] java.lang.IllegalStateException: Unknown periodicity type.
ERROR in ch.qos.logback.core.joran.spi.Interpreter@44:18 - no applicable action for [encoder], current ElementPath  is [[configuration][appender][encoder]]
ERROR in ch.qos.logback.core.joran.spi.Interpreter@45:22 - no applicable action for [pattern], current ElementPath  is [[configuration][appender][encoder][pattern]]
	at org.springframework.boot.context.logging.LoggingApplicationListener.initializeSystem(LoggingApplicationListener.java:344)
	at org.springframework.boot.context.logging.LoggingApplicationListener.initialize(LoggingApplicationListener.java:298)
	at org.springframework.boot.context.logging.LoggingApplicationListener.onApplicationEnvironmentPreparedEvent(LoggingApplicationListener.java:246)
	at org.springframework.boot.context.logging.LoggingApplicationListener.onApplicationEvent(LoggingApplicationListener.java:223)
	at org.springframework.context.event.SimpleApplicationEventMulticaster.doInvokeListener(SimpleApplicationEventMulticaster.java:178)
	at org.springframework.context.event.SimpleApplicationEventMulticaster.invokeListener(SimpleApplicationEventMulticaster.java:171)
	at org.springframework.context.event.SimpleApplicationEventMulticaster.multicastEvent(SimpleApplicationEventMulticaster.java:145)
	at org.springframework.context.event.SimpleApplicationEventMulticaster.multicastEvent(SimpleApplicationEventMulticaster.java:133)
	at org.springframework.boot.context.event.EventPublishingRunListener.environmentPrepared(EventPublishingRunListener.java:85)
	at org.springframework.boot.SpringApplicationRunListeners.lambda$environmentPrepared$2(SpringApplicationRunListeners.java:66)
	at java.util.ArrayList.forEach(ArrayList.java:1259)
	at org.springframework.boot.SpringApplicationRunListeners.doWithListeners(SpringApplicationRunListeners.java:120)
	at org.springframework.boot.SpringApplicationRunListeners.doWithListeners(SpringApplicationRunListeners.java:114)
	at org.springframework.boot.SpringApplicationRunListeners.environmentPrepared(SpringApplicationRunListeners.java:65)
	at org.springframework.boot.SpringApplication.prepareEnvironment(SpringApplication.java:344)
	at org.springframework.boot.SpringApplication.run(SpringApplication.java:302)
	at org.springframework.boot.SpringApplication.run(SpringApplication.java:1300)
	at org.springframework.boot.SpringApplication.run(SpringApplication.java:1289)
	at com.example.demo.DemoApplication.main(DemoApplication.java:10)
Caused by: java.lang.IllegalStateException: Logback configuration error detected: 
ERROR in ch.qos.logback.core.joran.spi.Interpreter@43:25 - RuntimeException in Action for tag [rollingPolicy] java.lang.IllegalStateException: Unknown periodicity type.
ERROR in ch.qos.logback.core.joran.spi.Interpreter@44:18 - no applicable action for [encoder], current ElementPath  is [[configuration][appender][encoder]]
ERROR in ch.qos.logback.core.joran.spi.Interpreter@45:22 - no applicable action for [pattern], current ElementPath  is [[configuration][appender][encoder][pattern]]
	at org.springframework.boot.logging.logback.LogbackLoggingSystem.reportConfigurationErrorsIfNecessary(LogbackLoggingSystem.java:189)
	at org.springframework.boot.logging.logback.LogbackLoggingSystem.loadConfiguration(LogbackLoggingSystem.java:170)
	at org.springframework.boot.logging.AbstractLoggingSystem.initializeWithConventions(AbstractLoggingSystem.java:80)
	at org.springframework.boot.logging.AbstractLoggingSystem.initialize(AbstractLoggingSystem.java:60)
	at org.springframework.boot.logging.logback.LogbackLoggingSystem.initialize(LogbackLoggingSystem.java:132)
	at org.springframework.boot.context.logging.LoggingApplicationListener.initializeSystem(LoggingApplicationListener.java:329)
	... 18 common frames omitted
	Suppressed: java.lang.IllegalStateException: Unknown periodicity type.
		at ch.qos.logback.core.rolling.helper.RollingCalendar.innerGetEndOfNextNthPeriod(RollingCalendar.java:279)
		at ch.qos.logback.core.rolling.helper.RollingCalendar.getEndOfNextNthPeriod(RollingCalendar.java:286)
		at ch.qos.logback.core.rolling.helper.RollingCalendar.getNextTriggeringDate(RollingCalendar.java:290)
		at ch.qos.logback.core.rolling.TimeBasedFileNamingAndTriggeringPolicyBase.computeNextCheck(TimeBasedFileNamingAndTriggeringPolicyBase.java:86)
		at ch.qos.logback.core.rolling.TimeBasedFileNamingAndTriggeringPolicyBase.start(TimeBasedFileNamingAndTriggeringPolicyBase.java:78)
		at ch.qos.logback.core.rolling.DefaultTimeBasedFileNamingAndTriggeringPolicy.start(DefaultTimeBasedFileNamingAndTriggeringPolicy.java:33)
		at ch.qos.logback.core.rolling.TimeBasedRollingPolicy.start(TimeBasedRollingPolicy.java:95)
		at ch.qos.logback.core.joran.action.NestedComplexPropertyIA.end(NestedComplexPropertyIA.java:161)
		at ch.qos.logback.core.joran.spi.Interpreter.callEndAction(Interpreter.java:309)
		at ch.qos.logback.core.joran.spi.Interpreter.endElement(Interpreter.java:193)
		at ch.qos.logback.core.joran.spi.Interpreter.endElement(Interpreter.java:179)
		at ch.qos.logback.core.joran.spi.EventPlayer.play(EventPlayer.java:62)
		at ch.qos.logback.core.joran.GenericConfigurator.doConfigure(GenericConfigurator.java:165)
		at ch.qos.logback.core.joran.GenericConfigurator.doConfigure(GenericConfigurator.java:152)
		at ch.qos.logback.core.joran.GenericConfigurator.doConfigure(GenericConfigurator.java:110)
		at ch.qos.logback.core.joran.GenericConfigurator.doConfigure(GenericConfigurator.java:53)
		at org.springframework.boot.logging.logback.LogbackLoggingSystem.configureByResourceUrl(LogbackLoggingSystem.java:199)
		at org.springframework.boot.logging.logback.LogbackLoggingSystem.loadConfiguration(LogbackLoggingSystem.java:165)
		... 22 common frames omitted
2024-10-25 16:43:11.648 [main] ERROR o.s.boot.SpringApplication - Application run failed
java.lang.IllegalStateException: java.lang.IllegalStateException: Logback configuration error detected: 
ERROR in ch.qos.logback.core.joran.spi.Interpreter@43:25 - RuntimeException in Action for tag [rollingPolicy] java.lang.IllegalStateException: Unknown periodicity type.
ERROR in ch.qos.logback.core.joran.spi.Interpreter@44:18 - no applicable action for [encoder], current ElementPath  is [[configuration][appender][encoder]]
ERROR in ch.qos.logback.core.joran.spi.Interpreter@45:22 - no applicable action for [pattern], current ElementPath  is [[configuration][appender][encoder][pattern]]
	at org.springframework.boot.context.logging.LoggingApplicationListener.initializeSystem(LoggingApplicationListener.java:344)
	at org.springframework.boot.context.logging.LoggingApplicationListener.initialize(LoggingApplicationListener.java:298)
	at org.springframework.boot.context.logging.LoggingApplicationListener.onApplicationEnvironmentPreparedEvent(LoggingApplicationListener.java:246)
	at org.springframework.boot.context.logging.LoggingApplicationListener.onApplicationEvent(LoggingApplicationListener.java:223)
	at org.springframework.context.event.SimpleApplicationEventMulticaster.doInvokeListener(SimpleApplicationEventMulticaster.java:178)
	at org.springframework.context.event.SimpleApplicationEventMulticaster.invokeListener(SimpleApplicationEventMulticaster.java:171)
	at org.springframework.context.event.SimpleApplicationEventMulticaster.multicastEvent(SimpleApplicationEventMulticaster.java:145)
	at org.springframework.context.event.SimpleApplicationEventMulticaster.multicastEvent(SimpleApplicationEventMulticaster.java:133)
	at org.springframework.boot.context.event.EventPublishingRunListener.environmentPrepared(EventPublishingRunListener.java:85)
	at org.springframework.boot.SpringApplicationRunListeners.lambda$environmentPrepared$2(SpringApplicationRunListeners.java:66)
	at java.util.ArrayList.forEach(ArrayList.java:1259)
	at org.springframework.boot.SpringApplicationRunListeners.doWithListeners(SpringApplicationRunListeners.java:120)
	at org.springframework.boot.SpringApplicationRunListeners.doWithListeners(SpringApplicationRunListeners.java:114)
	at org.springframework.boot.SpringApplicationRunListeners.environmentPrepared(SpringApplicationRunListeners.java:65)
	at org.springframework.boot.SpringApplication.prepareEnvironment(SpringApplication.java:344)
	at org.springframework.boot.SpringApplication.run(SpringApplication.java:302)
	at org.springframework.boot.SpringApplication.run(SpringApplication.java:1300)
	at org.springframework.boot.SpringApplication.run(SpringApplication.java:1289)
	at com.example.demo.DemoApplication.main(DemoApplication.java:10)
Caused by: java.lang.IllegalStateException: Logback configuration error detected: 
ERROR in ch.qos.logback.core.joran.spi.Interpreter@43:25 - RuntimeException in Action for tag [rollingPolicy] java.lang.IllegalStateException: Unknown periodicity type.
ERROR in ch.qos.logback.core.joran.spi.Interpreter@44:18 - no applicable action for [encoder], current ElementPath  is [[configuration][appender][encoder]]
ERROR in ch.qos.logback.core.joran.spi.Interpreter@45:22 - no applicable action for [pattern], current ElementPath  is [[configuration][appender][encoder][pattern]]
	at org.springframework.boot.logging.logback.LogbackLoggingSystem.reportConfigurationErrorsIfNecessary(LogbackLoggingSystem.java:189)
	at org.springframework.boot.logging.logback.LogbackLoggingSystem.loadConfiguration(LogbackLoggingSystem.java:170)
	at org.springframework.boot.logging.AbstractLoggingSystem.initializeWithConventions(AbstractLoggingSystem.java:80)
	at org.springframework.boot.logging.AbstractLoggingSystem.initialize(AbstractLoggingSystem.java:60)
	at org.springframework.boot.logging.logback.LogbackLoggingSystem.initialize(LogbackLoggingSystem.java:132)
	at org.springframework.boot.context.logging.LoggingApplicationListener.initializeSystem(LoggingApplicationListener.java:329)
	... 18 common frames omitted
	Suppressed: java.lang.IllegalStateException: Unknown periodicity type.
		at ch.qos.logback.core.rolling.helper.RollingCalendar.innerGetEndOfNextNthPeriod(RollingCalendar.java:279)
		at ch.qos.logback.core.rolling.helper.RollingCalendar.getEndOfNextNthPeriod(RollingCalendar.java:286)
		at ch.qos.logback.core.rolling.helper.RollingCalendar.getNextTriggeringDate(RollingCalendar.java:290)
		at ch.qos.logback.core.rolling.TimeBasedFileNamingAndTriggeringPolicyBase.computeNextCheck(TimeBasedFileNamingAndTriggeringPolicyBase.java:86)
		at ch.qos.logback.core.rolling.TimeBasedFileNamingAndTriggeringPolicyBase.start(TimeBasedFileNamingAndTriggeringPolicyBase.java:78)
		at ch.qos.logback.core.rolling.DefaultTimeBasedFileNamingAndTriggeringPolicy.start(DefaultTimeBasedFileNamingAndTriggeringPolicy.java:33)
		at ch.qos.logback.core.rolling.TimeBasedRollingPolicy.start(TimeBasedRollingPolicy.java:95)
		at ch.qos.logback.core.joran.action.NestedComplexPropertyIA.end(NestedComplexPropertyIA.java:161)
		at ch.qos.logback.core.joran.spi.Interpreter.callEndAction(Interpreter.java:309)
		at ch.qos.logback.core.joran.spi.Interpreter.endElement(Interpreter.java:193)
		at ch.qos.logback.core.joran.spi.Interpreter.endElement(Interpreter.java:179)
		at ch.qos.logback.core.joran.spi.EventPlayer.play(EventPlayer.java:62)
		at ch.qos.logback.core.joran.GenericConfigurator.doConfigure(GenericConfigurator.java:165)
		at ch.qos.logback.core.joran.GenericConfigurator.doConfigure(GenericConfigurator.java:152)
		at ch.qos.logback.core.joran.GenericConfigurator.doConfigure(GenericConfigurator.java:110)
		at ch.qos.logback.core.joran.GenericConfigurator.doConfigure(GenericConfigurator.java:53)
		at org.springframework.boot.logging.logback.LogbackLoggingSystem.configureByResourceUrl(LogbackLoggingSystem.java:199)
		at org.springframework.boot.logging.logback.LogbackLoggingSystem.loadConfiguration(LogbackLoggingSystem.java:165)
		... 22 common frames omitted
2024-10-25 16:43:29.932 [main] ERROR o.s.boot.SpringApplication - Application run failed
java.lang.IllegalStateException: java.lang.IllegalStateException: Logback configuration error detected: 
ERROR in ch.qos.logback.core.joran.spi.Interpreter@43:25 - RuntimeException in Action for tag [rollingPolicy] java.lang.IllegalStateException: Unknown periodicity type.
ERROR in ch.qos.logback.core.joran.spi.Interpreter@44:18 - no applicable action for [encoder], current ElementPath  is [[configuration][appender][encoder]]
ERROR in ch.qos.logback.core.joran.spi.Interpreter@45:22 - no applicable action for [pattern], current ElementPath  is [[configuration][appender][encoder][pattern]]
	at org.springframework.boot.context.logging.LoggingApplicationListener.initializeSystem(LoggingApplicationListener.java:344)
	at org.springframework.boot.context.logging.LoggingApplicationListener.initialize(LoggingApplicationListener.java:298)
	at org.springframework.boot.context.logging.LoggingApplicationListener.onApplicationEnvironmentPreparedEvent(LoggingApplicationListener.java:246)
	at org.springframework.boot.context.logging.LoggingApplicationListener.onApplicationEvent(LoggingApplicationListener.java:223)
	at org.springframework.context.event.SimpleApplicationEventMulticaster.doInvokeListener(SimpleApplicationEventMulticaster.java:178)
	at org.springframework.context.event.SimpleApplicationEventMulticaster.invokeListener(SimpleApplicationEventMulticaster.java:171)
	at org.springframework.context.event.SimpleApplicationEventMulticaster.multicastEvent(SimpleApplicationEventMulticaster.java:145)
	at org.springframework.context.event.SimpleApplicationEventMulticaster.multicastEvent(SimpleApplicationEventMulticaster.java:133)
	at org.springframework.boot.context.event.EventPublishingRunListener.environmentPrepared(EventPublishingRunListener.java:85)
	at org.springframework.boot.SpringApplicationRunListeners.lambda$environmentPrepared$2(SpringApplicationRunListeners.java:66)
	at java.util.ArrayList.forEach(ArrayList.java:1259)
	at org.springframework.boot.SpringApplicationRunListeners.doWithListeners(SpringApplicationRunListeners.java:120)
	at org.springframework.boot.SpringApplicationRunListeners.doWithListeners(SpringApplicationRunListeners.java:114)
	at org.springframework.boot.SpringApplicationRunListeners.environmentPrepared(SpringApplicationRunListeners.java:65)
	at org.springframework.boot.SpringApplication.prepareEnvironment(SpringApplication.java:344)
	at org.springframework.boot.SpringApplication.run(SpringApplication.java:302)
	at org.springframework.boot.SpringApplication.run(SpringApplication.java:1300)
	at org.springframework.boot.SpringApplication.run(SpringApplication.java:1289)
	at com.example.demo.DemoApplication.main(DemoApplication.java:10)
Caused by: java.lang.IllegalStateException: Logback configuration error detected: 
ERROR in ch.qos.logback.core.joran.spi.Interpreter@43:25 - RuntimeException in Action for tag [rollingPolicy] java.lang.IllegalStateException: Unknown periodicity type.
ERROR in ch.qos.logback.core.joran.spi.Interpreter@44:18 - no applicable action for [encoder], current ElementPath  is [[configuration][appender][encoder]]
ERROR in ch.qos.logback.core.joran.spi.Interpreter@45:22 - no applicable action for [pattern], current ElementPath  is [[configuration][appender][encoder][pattern]]
	at org.springframework.boot.logging.logback.LogbackLoggingSystem.reportConfigurationErrorsIfNecessary(LogbackLoggingSystem.java:189)
	at org.springframework.boot.logging.logback.LogbackLoggingSystem.loadConfiguration(LogbackLoggingSystem.java:170)
	at org.springframework.boot.logging.AbstractLoggingSystem.initializeWithConventions(AbstractLoggingSystem.java:80)
	at org.springframework.boot.logging.AbstractLoggingSystem.initialize(AbstractLoggingSystem.java:60)
	at org.springframework.boot.logging.logback.LogbackLoggingSystem.initialize(LogbackLoggingSystem.java:132)
	at org.springframework.boot.context.logging.LoggingApplicationListener.initializeSystem(LoggingApplicationListener.java:329)
	... 18 common frames omitted
	Suppressed: java.lang.IllegalStateException: Unknown periodicity type.
		at ch.qos.logback.core.rolling.helper.RollingCalendar.innerGetEndOfNextNthPeriod(RollingCalendar.java:279)
		at ch.qos.logback.core.rolling.helper.RollingCalendar.getEndOfNextNthPeriod(RollingCalendar.java:286)
		at ch.qos.logback.core.rolling.helper.RollingCalendar.getNextTriggeringDate(RollingCalendar.java:290)
		at ch.qos.logback.core.rolling.TimeBasedFileNamingAndTriggeringPolicyBase.computeNextCheck(TimeBasedFileNamingAndTriggeringPolicyBase.java:86)
		at ch.qos.logback.core.rolling.TimeBasedFileNamingAndTriggeringPolicyBase.start(TimeBasedFileNamingAndTriggeringPolicyBase.java:78)
		at ch.qos.logback.core.rolling.DefaultTimeBasedFileNamingAndTriggeringPolicy.start(DefaultTimeBasedFileNamingAndTriggeringPolicy.java:33)
		at ch.qos.logback.core.rolling.TimeBasedRollingPolicy.start(TimeBasedRollingPolicy.java:95)
		at ch.qos.logback.core.joran.action.NestedComplexPropertyIA.end(NestedComplexPropertyIA.java:161)
		at ch.qos.logback.core.joran.spi.Interpreter.callEndAction(Interpreter.java:309)
		at ch.qos.logback.core.joran.spi.Interpreter.endElement(Interpreter.java:193)
		at ch.qos.logback.core.joran.spi.Interpreter.endElement(Interpreter.java:179)
		at ch.qos.logback.core.joran.spi.EventPlayer.play(EventPlayer.java:62)
		at ch.qos.logback.core.joran.GenericConfigurator.doConfigure(GenericConfigurator.java:165)
		at ch.qos.logback.core.joran.GenericConfigurator.doConfigure(GenericConfigurator.java:152)
		at ch.qos.logback.core.joran.GenericConfigurator.doConfigure(GenericConfigurator.java:110)
		at ch.qos.logback.core.joran.GenericConfigurator.doConfigure(GenericConfigurator.java:53)
		at org.springframework.boot.logging.logback.LogbackLoggingSystem.configureByResourceUrl(LogbackLoggingSystem.java:199)
		at org.springframework.boot.logging.logback.LogbackLoggingSystem.loadConfiguration(LogbackLoggingSystem.java:165)
		... 22 common frames omitted
2024-10-25 16:46:16.224 [main] INFO  com.example.demo.DemoApplication - Starting DemoApplication using Java 1.8.0_333 on DESKTOP-75DE1NI with PID 23200 (D:\java\testplay\demo\target\classes started by ndy in D:\java\testplay\demo)
2024-10-25 16:46:16.226 [main] INFO  com.example.demo.DemoApplication - No active profile set, falling back to 1 default profile: "default"
2024-10-25 16:46:16.869 [main] INFO  o.s.b.w.e.tomcat.TomcatWebServer - Tomcat initialized with port(s): 8080 (http)
2024-10-25 16:46:16.874 [main] INFO  o.a.coyote.http11.Http11NioProtocol - Initializing ProtocolHandler ["http-nio-8080"]
2024-10-25 16:46:16.874 [main] INFO  o.a.catalina.core.StandardService - Starting service [Tomcat]
2024-10-25 16:46:16.874 [main] INFO  o.a.catalina.core.StandardEngine - Starting Servlet engine: [Apache Tomcat/9.0.83]
2024-10-25 16:46:16.953 [main] INFO  o.a.c.c.C.[Tomcat].[localhost].[/] - Initializing Spring embedded WebApplicationContext
2024-10-25 16:46:16.953 [main] INFO  o.s.b.w.s.c.ServletWebServerApplicationContext - Root WebApplicationContext: initialization completed in 703 ms
2024-10-25 16:46:20.145 [main] WARN  c.b.m.core.metadata.TableInfoHelper - Can not find table primary key in Class: "com.example.demo.entity.TMaterialCharts".
2024-10-25 16:46:20.148 [main] WARN  c.b.m.c.injector.DefaultSqlInjector - class com.example.demo.entity.TMaterialCharts ,Not found @TableId annotation, Cannot use Mybatis-Plus 'xxById' Method.
2024-10-25 16:46:20.196 [main] WARN  c.b.m.core.metadata.TableInfoHelper - Can not find table primary key in Class: "com.example.demo.entity.TBom".
2024-10-25 16:46:20.197 [main] WARN  c.b.m.c.injector.DefaultSqlInjector - class com.example.demo.entity.TBom ,Not found @TableId annotation, Cannot use Mybatis-Plus 'xxById' Method.
2024-10-25 16:46:20.298 [main] WARN  c.b.m.core.metadata.TableInfoHelper - Can not find table primary key in Class: "com.example.demo.entity.TWorkOrder".
2024-10-25 16:46:20.298 [main] WARN  c.b.m.c.injector.DefaultSqlInjector - class com.example.demo.entity.TWorkOrder ,Not found @TableId annotation, Cannot use Mybatis-Plus 'xxById' Method.
2024-10-25 16:46:20.770 [main] INFO  o.a.coyote.http11.Http11NioProtocol - Starting ProtocolHandler ["http-nio-8080"]
2024-10-25 16:46:20.787 [main] INFO  o.s.b.w.e.tomcat.TomcatWebServer - Tomcat started on port(s): 8080 (http) with context path ''
2024-10-25 16:46:20.798 [main] INFO  com.example.demo.DemoApplication - Started DemoApplication in 4.817 seconds (JVM running for 6.61)
2024-10-25 16:46:54.709 [http-nio-8080-exec-1] INFO  o.a.c.c.C.[Tomcat].[localhost].[/] - Initializing Spring DispatcherServlet 'dispatcherServlet'
2024-10-25 16:46:54.710 [http-nio-8080-exec-1] INFO  o.s.web.servlet.DispatcherServlet - Initializing Servlet 'dispatcherServlet'
2024-10-25 16:46:54.711 [http-nio-8080-exec-1] INFO  o.s.web.servlet.DispatcherServlet - Completed initialization in 1 ms
2024-10-25 16:46:55.506 [http-nio-8080-exec-9] INFO  o.s.api.AbstractOpenApiResource - Init duration for springdoc-openapi is: 559 ms
2024-10-25 16:47:03.133 [http-nio-8080-exec-10] INFO  com.zaxxer.hikari.HikariDataSource - HikariPool-1 - Starting...
2024-10-25 16:47:03.314 [http-nio-8080-exec-10] INFO  com.zaxxer.hikari.HikariDataSource - HikariPool-1 - Start completed.
2024-10-25 16:48:46.936 [main] INFO  com.example.demo.DemoApplication - Starting DemoApplication using Java 1.8.0_333 on DESKTOP-75DE1NI with PID 36980 (D:\java\testplay\demo\target\classes started by ndy in D:\java\testplay\demo)
2024-10-25 16:48:46.938 [main] INFO  com.example.demo.DemoApplication - No active profile set, falling back to 1 default profile: "default"
2024-10-25 16:48:47.639 [main] INFO  o.s.b.w.e.tomcat.TomcatWebServer - Tomcat initialized with port(s): 8080 (http)
2024-10-25 16:48:47.643 [main] INFO  o.a.coyote.http11.Http11NioProtocol - Initializing ProtocolHandler ["http-nio-8080"]
2024-10-25 16:48:47.644 [main] INFO  o.a.catalina.core.StandardService - Starting service [Tomcat]
2024-10-25 16:48:47.644 [main] INFO  o.a.catalina.core.StandardEngine - Starting Servlet engine: [Apache Tomcat/9.0.83]
2024-10-25 16:48:47.735 [main] INFO  o.a.c.c.C.[Tomcat].[localhost].[/] - Initializing Spring embedded WebApplicationContext
2024-10-25 16:48:47.735 [main] INFO  o.s.b.w.s.c.ServletWebServerApplicationContext - Root WebApplicationContext: initialization completed in 770 ms
2024-10-25 16:48:51.078 [main] WARN  c.b.m.core.metadata.TableInfoHelper - Can not find table primary key in Class: "com.example.demo.entity.TMaterialCharts".
2024-10-25 16:48:51.082 [main] WARN  c.b.m.c.injector.DefaultSqlInjector - class com.example.demo.entity.TMaterialCharts ,Not found @TableId annotation, Cannot use Mybatis-Plus 'xxById' Method.
2024-10-25 16:48:51.128 [main] WARN  c.b.m.core.metadata.TableInfoHelper - Can not find table primary key in Class: "com.example.demo.entity.TBom".
2024-10-25 16:48:51.128 [main] WARN  c.b.m.c.injector.DefaultSqlInjector - class com.example.demo.entity.TBom ,Not found @TableId annotation, Cannot use Mybatis-Plus 'xxById' Method.
2024-10-25 16:48:51.201 [main] WARN  c.b.m.core.metadata.TableInfoHelper - Can not find table primary key in Class: "com.example.demo.entity.TWorkOrder".
2024-10-25 16:48:51.201 [main] WARN  c.b.m.c.injector.DefaultSqlInjector - class com.example.demo.entity.TWorkOrder ,Not found @TableId annotation, Cannot use Mybatis-Plus 'xxById' Method.
2024-10-25 16:48:51.639 [main] INFO  o.a.coyote.http11.Http11NioProtocol - Starting ProtocolHandler ["http-nio-8080"]
2024-10-25 16:48:51.649 [main] INFO  o.s.b.w.e.tomcat.TomcatWebServer - Tomcat started on port(s): 8080 (http) with context path ''
2024-10-25 16:48:51.655 [main] INFO  com.example.demo.DemoApplication - Started DemoApplication in 4.972 seconds (JVM running for 6.812)
2024-10-25 16:48:58.826 [http-nio-8080-exec-1] INFO  o.a.c.c.C.[Tomcat].[localhost].[/] - Initializing Spring DispatcherServlet 'dispatcherServlet'
2024-10-25 16:48:58.826 [http-nio-8080-exec-1] INFO  o.s.web.servlet.DispatcherServlet - Initializing Servlet 'dispatcherServlet'
2024-10-25 16:48:58.827 [http-nio-8080-exec-1] INFO  o.s.web.servlet.DispatcherServlet - Completed initialization in 1 ms
2024-10-25 16:48:58.848 [http-nio-8080-exec-1] INFO  c.e.d.s.impl.WorkOrderServiceImpl - 获取工单信息
2024-10-25 16:48:58.892 [http-nio-8080-exec-1] INFO  com.zaxxer.hikari.HikariDataSource - HikariPool-1 - Starting...
2024-10-25 16:48:59.072 [http-nio-8080-exec-1] INFO  com.zaxxer.hikari.HikariDataSource - HikariPool-1 - Start completed.
